<?xml version="1.0" encoding="UTF-8"?>
<!-- Generated by org.testng.reporters.JUnitReportReporter -->
<testsuite hostname="DESKTOP-C3H4VQE" failures="0" tests="1" name="Pages.PageBase" time="4.417" errors="0" timestamp="2022-05-22T23:12:46 EET" skipped="0">
  <testcase classname="Pages.PageBase" name="setup_Browser" time="4.417"/>
  <system-out/>
</testsuite> <!-- Pages.PageBase -->
