<?xml version="1.0" encoding="UTF-8"?>
<!-- Generated by org.testng.reporters.JUnitReportReporter -->
<testsuite hostname="DESKTOP-C3H4VQE" failures="0" tests="2" name="Tests.UserRegisterationTest" time="24.321" errors="0" timestamp="2023-06-04T10:38:22 EET" skipped="0">
  <testcase classname="Tests.UserRegisterationTest" name="UserCanRegisterSuccessfully" time="9.059"/>
  <system-out/>
  <testcase classname="Tests.UserRegisterationTest" name="UserCanLogin_And_LogOutSuccessfully" time="15.262"/>
  <system-out/>
</testsuite> <!-- Tests.UserRegisterationTest -->
